<?xml version="1.0" encoding="UTF-8"?><testsuite errors="1" failures="0" name="Consulta Calificacion Central Interna - Individual" skipped="0" tests="1" time="58.0" timestamp="2018-04-30T08:41:17.161-05:00[America/Bogota]"><testcase name="Diligenciamiento exitoso del formulario  de Central Interna, no se presenta ningun"><error message="The following error occurred: invalid selector: Unable to locate an element with the xpath expression //*[@id=\'j_id19\']/div/div[2]/table[1]/tbody/tr[1]/td because of the following error:&#10;SyntaxError: Failed to execute 'evaluate' on 'Document': The string '//*[@id=\'j_id19\']/div/div[2]/table[1]/tbody/tr[1]/td' is not a valid XPath expression.&#10;  (Session info: chrome=65.0.3325.181)&#10;  (Driver info: chromedriver=2.37.544315 (730aa6a5fdba159ac9f4c1e8cbc59bf1b5ce12b7),platform=Windows NT 10.0.16299 x86_64) (WARNING: The server did not provide any stacktrace information)&#10;Command duration or timeout: 0 milliseconds&#10;For documentation on this error, please visit: http://seleniumhq.org/exceptions/invalid_selector_exception.html&#10;Build info: version: '3.11.0', revision: 'e59cfb3', time: '2018-03-11T20:26:55.152Z'&#10;System info: host: 'CHMEPPF10MS15', ip: '10.18.8.116', os.name: 'Windows 10', os.arch: 'amd64', os.version: '10.0', java.version: '1.8.0_131'&#10;Driver info: org.openqa.selenium.remote.RemoteWebDriver&#10;Capabilities {acceptInsecureCerts: false, acceptSslCerts: false, applicationCacheEnabled: false, browserConnectionEnabled: false, browserName: chrome, chrome: {chromedriverVersion: 2.37.544315 (730aa6a5fdba15..., userDataDir: C:\Users\rperezr\AppData\Lo...}, cssSelectorsEnabled: true, databaseEnabled: false, handlesAlerts: true, hasTouchScreen: false, javascriptEnabled: true, locationContextEnabled: true, mobileEmulationEnabled: false, nativeEvents: true, networkConnectionEnabled: false, pageLoadStrategy: normal, platform: XP, platformName: XP, rotatable: false, setWindowRect: true, takesHeapSnapshot: true, takesScreenshot: true, unexpectedAlertBehaviour: , unhandledPromptBehavior: , version: 65.0.3325.181, webStorageEnabled: true}&#10;Session ID: d6c26e9dd843e67b2720003dfc9839b6&#10;*** Element info: {Using=xpath, value=//*[@id=\'j_id19\']/div/div[2]/table[1]/tbody/tr[1]/td}&#10;For documentation on this error, please visit: http://seleniumhq.org/exceptions/invalid_selector_exception.html&#10;Build info: version: '3.11.0', revision: 'e59cfb3', time: '2018-03-11T20:26:55.152Z'&#10;System info: host: 'CHMEPPF10MS15', ip: '10.18.8.116', os.name: 'Windows 10', os.arch: 'amd64', os.version: '10.0', java.version: '1.8.0_131'&#10;Driver info: driver.version: unknown" type="org.openqa.selenium.InvalidSelectorException">The following error occurred: invalid selector: Unable to locate an element with the xpath expression //*[@id=\'j_id19\']/div/div[2]/table[1]/tbody/tr[1]/td because of the following error:
SyntaxError: Failed to execute 'evaluate' on 'Document': The string '//*[@id=\'j_id19\']/div/div[2]/table[1]/tbody/tr[1]/td' is not a valid XPath expression.
  (Session info: chrome=65.0.3325.181)
  (Driver info: chromedriver=2.37.544315 (730aa6a5fdba159ac9f4c1e8cbc59bf1b5ce12b7),platform=Windows NT 10.0.16299 x86_64) (WARNING: The server did not provide any stacktrace information)
Command duration or timeout: 0 milliseconds
For documentation on this error, please visit: http://seleniumhq.org/exceptions/invalid_selector_exception.html
Build info: version: '3.11.0', revision: 'e59cfb3', time: '2018-03-11T20:26:55.152Z'
System info: host: 'CHMEPPF10MS15', ip: '10.18.8.116', os.name: 'Windows 10', os.arch: 'amd64', os.version: '10.0', java.version: '1.8.0_131'
Driver info: org.openqa.selenium.remote.RemoteWebDriver
Capabilities {acceptInsecureCerts: false, acceptSslCerts: false, applicationCacheEnabled: false, browserConnectionEnabled: false, browserName: chrome, chrome: {chromedriverVersion: 2.37.544315 (730aa6a5fdba15..., userDataDir: C:\Users\rperezr\AppData\Lo...}, cssSelectorsEnabled: true, databaseEnabled: false, handlesAlerts: true, hasTouchScreen: false, javascriptEnabled: true, locationContextEnabled: true, mobileEmulationEnabled: false, nativeEvents: true, networkConnectionEnabled: false, pageLoadStrategy: normal, platform: XP, platformName: XP, rotatable: false, setWindowRect: true, takesHeapSnapshot: true, takesScreenshot: true, unexpectedAlertBehaviour: , unhandledPromptBehavior: , version: 65.0.3325.181, webStorageEnabled: true}
Session ID: d6c26e9dd843e67b2720003dfc9839b6
*** Element info: {Using=xpath, value=//*[@id=\'j_id19\']/div/div[2]/table[1]/tbody/tr[1]/td}
For documentation on this error, please visit: http://seleniumhq.org/exceptions/invalid_selector_exception.html
Build info: version: '3.11.0', revision: 'e59cfb3', time: '2018-03-11T20:26:55.152Z'
System info: host: 'CHMEPPF10MS15', ip: '10.18.8.116', os.name: 'Windows 10', os.arch: 'amd64', os.version: '10.0', java.version: '1.8.0_131'
Driver info: driver.version: unknown</error><system-err>The following error occurred: invalid selector: Unable to locate an element with the xpath expression //*[@id=\'j_id19\']/div/div[2]/table[1]/tbody/tr[1]/td because of the following error:
SyntaxError: Failed to execute 'evaluate' on 'Document': The string '//*[@id=\'j_id19\']/div/div[2]/table[1]/tbody/tr[1]/td' is not a valid XPath expression.
  (Session info: chrome=65.0.3325.181)
  (Driver info: chromedriver=2.37.544315 (730aa6a5fdba159ac9f4c1e8cbc59bf1b5ce12b7),platform=Windows NT 10.0.16299 x86_64) (WARNING: The server did not provide any stacktrace information)
Command duration or timeout: 0 milliseconds
For documentation on this error, please visit: http://seleniumhq.org/exceptions/invalid_selector_exception.html
Build info: version: '3.11.0', revision: 'e59cfb3', time: '2018-03-11T20:26:55.152Z'
System info: host: 'CHMEPPF10MS15', ip: '10.18.8.116', os.name: 'Windows 10', os.arch: 'amd64', os.version: '10.0', java.version: '1.8.0_131'
Driver info: org.openqa.selenium.remote.RemoteWebDriver
Capabilities {acceptInsecureCerts: false, acceptSslCerts: false, applicationCacheEnabled: false, browserConnectionEnabled: false, browserName: chrome, chrome: {chromedriverVersion: 2.37.544315 (730aa6a5fdba15..., userDataDir: C:\Users\rperezr\AppData\Lo...}, cssSelectorsEnabled: true, databaseEnabled: false, handlesAlerts: true, hasTouchScreen: false, javascriptEnabled: true, locationContextEnabled: true, mobileEmulationEnabled: false, nativeEvents: true, networkConnectionEnabled: false, pageLoadStrategy: normal, platform: XP, platformName: XP, rotatable: false, setWindowRect: true, takesHeapSnapshot: true, takesScreenshot: true, unexpectedAlertBehaviour: , unhandledPromptBehavior: , version: 65.0.3325.181, webStorageEnabled: true}
Session ID: d6c26e9dd843e67b2720003dfc9839b6
*** Element info: {Using=xpath, value=//*[@id=\'j_id19\']/div/div[2]/table[1]/tbody/tr[1]/td}
For documentation on this error, please visit: http://seleniumhq.org/exceptions/invalid_selector_exception.html
Build info: version: '3.11.0', revision: 'e59cfb3', time: '2018-03-11T20:26:55.152Z'
System info: host: 'CHMEPPF10MS15', ip: '10.18.8.116', os.name: 'Windows 10', os.arch: 'amd64', os.version: '10.0', java.version: '1.8.0_131'
Driver info: driver.version: unknown&#13;
com.choucair.formacion.pageobjects.CentralesUnificadasPage.tablaResultado(CentralesUnificadasPage.java:88)&#13;
com.choucair.formacion.steps.CentralesUnificadasSteps.RegistroInformacionCons(CentralesUnificadasSteps.java:41)&#13;
com.choucair.formacion.definition.CentralesUnificadasDefinition.cuando_diligencio_el_formulario(CentralesUnificadasDefinition.java:43)&#13;
org.eclipse.jdt.internal.junit4.runner.JUnit4TestReference.run(JUnit4TestReference.java:86)&#13;
org.eclipse.jdt.internal.junit.runner.TestExecution.run(TestExecution.java:38)&#13;
org.eclipse.jdt.internal.junit.runner.RemoteTestRunner.runTests(RemoteTestRunner.java:538)&#13;
org.eclipse.jdt.internal.junit.runner.RemoteTestRunner.runTests(RemoteTestRunner.java:760)&#13;
org.eclipse.jdt.internal.junit.runner.RemoteTestRunner.run(RemoteTestRunner.java:460)&#13;
org.eclipse.jdt.internal.junit.runner.RemoteTestRunner.main(RemoteTestRunner.java:206)&#13;
</system-err></testcase></testsuite>